Aug-31 11:22:24.841 [main] DEBUG nextflow.cli.Launcher - $> nextflow ./wes.nf -entry WES --bedfile /home/pipelines/mutation_detector_nextflow/bedfile/Leukemia_Panel_Myeloid_2023_Feb_hg37_sortd -resume -bg
Aug-31 11:22:24.982 [main] INFO  nextflow.cli.CmdRun - N E X T F L O W  ~  version 21.10.6
Aug-31 11:22:25.033 [main] INFO  nextflow.cli.CmdRun - Launching `./wes.nf` [scruffy_northcutt] - revision: 42b5734271
Aug-31 11:22:25.046 [main] DEBUG nextflow.config.ConfigBuilder - Found config local: /home/diagnostics/pipelines/WholeExomePipeline/nextflow.config
Aug-31 11:22:25.046 [main] DEBUG nextflow.config.ConfigBuilder - Parsing config file: /home/diagnostics/pipelines/WholeExomePipeline/nextflow.config
Aug-31 11:22:25.065 [main] DEBUG nextflow.config.ConfigBuilder - Applying config profile: `standard`
Aug-31 11:22:25.660 [main] DEBUG nextflow.plugin.PluginsFacade - Setting up plugin manager > mode=prod; plugins-dir=/home/diagnostics/.nextflow/plugins
Aug-31 11:22:25.661 [main] DEBUG nextflow.plugin.PluginsFacade - Plugins default=[]
Aug-31 11:22:25.668 [main] INFO  org.pf4j.DefaultPluginStatusProvider - Enabled plugins: []
Aug-31 11:22:25.669 [main] INFO  org.pf4j.DefaultPluginStatusProvider - Disabled plugins: []
Aug-31 11:22:25.672 [main] INFO  org.pf4j.DefaultPluginManager - PF4J version 3.4.1 in 'deployment' mode
Aug-31 11:22:25.679 [main] INFO  org.pf4j.AbstractPluginManager - No plugins
Aug-31 11:22:25.718 [main] DEBUG nextflow.Session - Session uuid: 1ea82114-0523-4313-a5bb-df88f0934bf3
Aug-31 11:22:25.718 [main] DEBUG nextflow.Session - Run name: scruffy_northcutt
Aug-31 11:22:25.718 [main] DEBUG nextflow.Session - Executor pool size: 156
Aug-31 11:22:25.737 [main] DEBUG nextflow.cli.CmdRun - 
  Version: 21.10.6 build 5660
  Created: 21-12-2021 16:55 UTC (22:25 IDT)
  System: Linux 5.4.0-150-generic
  Runtime: Groovy 3.0.9 on OpenJDK 64-Bit Server VM 11.0.1+13-LTS
  Encoding: UTF-8 (UTF-8)
  Process: 1193670@jarvis [169.254.95.120]
  CPUs: 156 - Mem: 755.5 GB (170.4 GB) - Swap: 264 GB (263.9 GB)
Aug-31 11:22:25.805 [main] DEBUG nextflow.Session - Work-dir: /home/diagnostics/pipelines/WholeExomePipeline/work [xfs]
Aug-31 11:22:25.805 [main] DEBUG nextflow.Session - Script base path does not exist or is not a directory: /home/diagnostics/pipelines/WholeExomePipeline/bin
Aug-31 11:22:25.812 [main] DEBUG nextflow.executor.ExecutorFactory - Extension executors providers=[]
Aug-31 11:22:25.820 [main] DEBUG nextflow.Session - Observer factory: DefaultObserverFactory
Aug-31 11:22:25.882 [main] DEBUG nextflow.util.CustomThreadPool - Creating default thread pool > poolSize: 157; maxThreads: 1000
Aug-31 11:22:25.968 [main] DEBUG nextflow.Session - Session start invoked
Aug-31 11:22:25.971 [main] DEBUG nextflow.trace.TraceFileObserver - Flow starting -- trace file: /home/diagnostics/pipelines/WholeExomePipeline/Final_Output/pipeline_trace.txt
Aug-31 11:22:26.967 [main] DEBUG nextflow.script.ScriptRunner - > Launching execution
Aug-31 11:22:26.979 [main] INFO  nextflow.Nextflow - 
STARTING PIPELINE
=*=*=*=*=*=*=*=*=
Sample list: /home/diagnostics/pipelines/WholeExomePipeline/sample_list.csv
BED file: /home/pipelines/mutation_detector_nextflow/bedfile/Leukemia_Panel_Myeloid_2023_Feb_hg37_sortd.bed
Sequences in:/home/diagnostics/pipelines/WholeExomePipeline/sequences

Aug-31 11:22:27.061 [main] DEBUG nextflow.util.CustomThreadPool - Creating default thread pool > poolSize: 157; maxThreads: 1000
Aug-31 11:22:27.132 [main] DEBUG nextflow.executor.ExecutorFactory - << taskConfig executor: null
Aug-31 11:22:27.132 [main] DEBUG nextflow.executor.ExecutorFactory - >> processorType: 'local'
Aug-31 11:22:27.136 [main] DEBUG nextflow.executor.Executor - [warm up] executor > local
Aug-31 11:22:27.140 [main] DEBUG n.processor.LocalPollingMonitor - Creating local task monitor for executor 'local' > cpus=25; memory=755.5 GB; capacity=156; pollInterval=100ms; dumpInterval=5m
Aug-31 11:22:27.204 [main] DEBUG nextflow.executor.ExecutorFactory - << taskConfig executor: null
Aug-31 11:22:27.204 [main] DEBUG nextflow.executor.ExecutorFactory - >> processorType: 'local'
Aug-31 11:22:27.208 [main] DEBUG nextflow.executor.ExecutorFactory - << taskConfig executor: null
Aug-31 11:22:27.208 [main] DEBUG nextflow.executor.ExecutorFactory - >> processorType: 'local'
Aug-31 11:22:27.211 [main] DEBUG nextflow.executor.ExecutorFactory - << taskConfig executor: null
Aug-31 11:22:27.211 [main] DEBUG nextflow.executor.ExecutorFactory - >> processorType: 'local'
Aug-31 11:22:27.215 [main] DEBUG nextflow.executor.ExecutorFactory - << taskConfig executor: null
Aug-31 11:22:27.215 [main] DEBUG nextflow.executor.ExecutorFactory - >> processorType: 'local'
Aug-31 11:22:27.219 [main] DEBUG nextflow.executor.ExecutorFactory - << taskConfig executor: null
Aug-31 11:22:27.219 [main] DEBUG nextflow.executor.ExecutorFactory - >> processorType: 'local'
Aug-31 11:22:27.228 [main] DEBUG nextflow.executor.ExecutorFactory - << taskConfig executor: null
Aug-31 11:22:27.228 [main] DEBUG nextflow.executor.ExecutorFactory - >> processorType: 'local'
Aug-31 11:22:27.231 [main] DEBUG nextflow.executor.ExecutorFactory - << taskConfig executor: null
Aug-31 11:22:27.231 [main] DEBUG nextflow.executor.ExecutorFactory - >> processorType: 'local'
Aug-31 11:22:27.238 [main] DEBUG nextflow.executor.ExecutorFactory - << taskConfig executor: null
Aug-31 11:22:27.238 [main] DEBUG nextflow.executor.ExecutorFactory - >> processorType: 'local'
Aug-31 11:22:27.246 [main] DEBUG nextflow.executor.ExecutorFactory - << taskConfig executor: null
Aug-31 11:22:27.246 [main] DEBUG nextflow.executor.ExecutorFactory - >> processorType: 'local'
Aug-31 11:22:27.250 [main] DEBUG nextflow.executor.ExecutorFactory - << taskConfig executor: null
Aug-31 11:22:27.250 [main] DEBUG nextflow.executor.ExecutorFactory - >> processorType: 'local'
Aug-31 11:22:27.253 [main] DEBUG nextflow.executor.ExecutorFactory - << taskConfig executor: null
Aug-31 11:22:27.253 [main] DEBUG nextflow.executor.ExecutorFactory - >> processorType: 'local'
Aug-31 11:22:27.256 [main] DEBUG nextflow.executor.ExecutorFactory - << taskConfig executor: null
Aug-31 11:22:27.256 [main] DEBUG nextflow.executor.ExecutorFactory - >> processorType: 'local'
Aug-31 11:22:27.258 [main] DEBUG nextflow.executor.ExecutorFactory - << taskConfig executor: null
Aug-31 11:22:27.258 [main] DEBUG nextflow.executor.ExecutorFactory - >> processorType: 'local'
Aug-31 11:22:27.261 [main] DEBUG nextflow.executor.ExecutorFactory - << taskConfig executor: null
Aug-31 11:22:27.261 [main] DEBUG nextflow.executor.ExecutorFactory - >> processorType: 'local'
Aug-31 11:22:27.265 [main] DEBUG nextflow.executor.ExecutorFactory - << taskConfig executor: null
Aug-31 11:22:27.265 [main] DEBUG nextflow.executor.ExecutorFactory - >> processorType: 'local'
Aug-31 11:22:27.272 [main] DEBUG nextflow.executor.ExecutorFactory - << taskConfig executor: null
Aug-31 11:22:27.272 [main] DEBUG nextflow.executor.ExecutorFactory - >> processorType: 'local'
Aug-31 11:22:27.274 [main] DEBUG nextflow.executor.ExecutorFactory - << taskConfig executor: null
Aug-31 11:22:27.274 [main] DEBUG nextflow.executor.ExecutorFactory - >> processorType: 'local'
Aug-31 11:22:27.277 [main] DEBUG nextflow.executor.ExecutorFactory - << taskConfig executor: null
Aug-31 11:22:27.277 [main] DEBUG nextflow.executor.ExecutorFactory - >> processorType: 'local'
Aug-31 11:22:27.288 [main] DEBUG nextflow.executor.ExecutorFactory - << taskConfig executor: null
Aug-31 11:22:27.288 [main] DEBUG nextflow.executor.ExecutorFactory - >> processorType: 'local'
Aug-31 11:22:27.290 [main] DEBUG nextflow.executor.ExecutorFactory - << taskConfig executor: null
Aug-31 11:22:27.290 [main] DEBUG nextflow.executor.ExecutorFactory - >> processorType: 'local'
Aug-31 11:22:27.295 [main] DEBUG nextflow.executor.ExecutorFactory - << taskConfig executor: null
Aug-31 11:22:27.295 [main] DEBUG nextflow.executor.ExecutorFactory - >> processorType: 'local'
Aug-31 11:22:27.297 [main] DEBUG nextflow.Session - Workflow process names [dsl2]: merge_csv, WES:RealignerTargetCreator, WES:generatefinalbam, WES:BaseRecalibrator, varscan, format_pindel, vardict, WES:pindel, WES:cava, coverage_mosdepth, WES:mapping_reads, PrintReads, RealignerTargetCreator, pindel, WES:haplotypecaller, WES:PrintReads, haplotypecaller, freebayes, WES:freebayes, WES:pair_assembly_pear, trimming_trimmomatic, somaticSeq_run, BaseRecalibrator, platypus, generatefinalbam, minimap_getitd, WES:platypus, sam_conversion, WES:sam_conversion, cava, WES:IndelRealigner, WES:somaticSeq_run, pair_assembly_pear, WES:mark_duplicates, mark_duplicates, lofreq, WES:minimap_getitd, IndelRealigner, WES:coverage_mosdepth, WES:trimming_trimmomatic, WES:strelka, fastqc, WES:varscan, strelka, WES:lofreq, WES:merge_csv, mapping_reads
Aug-31 11:22:27.298 [main] DEBUG nextflow.Session - Ignite dataflow network (23)
Aug-31 11:22:27.302 [main] DEBUG nextflow.processor.TaskProcessor - Starting process > WES:trimming_trimmomatic
Aug-31 11:22:27.302 [main] DEBUG nextflow.processor.TaskProcessor - Starting process > WES:pair_assembly_pear
Aug-31 11:22:27.303 [main] DEBUG nextflow.processor.TaskProcessor - Starting process > WES:mapping_reads
Aug-31 11:22:27.304 [main] DEBUG nextflow.processor.TaskProcessor - Starting process > WES:sam_conversion
Aug-31 11:22:27.304 [main] DEBUG nextflow.processor.TaskProcessor - Starting process > WES:mark_duplicates
Aug-31 11:22:27.304 [main] DEBUG nextflow.processor.TaskProcessor - Starting process > WES:RealignerTargetCreator
Aug-31 11:22:27.305 [main] DEBUG nextflow.processor.TaskProcessor - Starting process > WES:IndelRealigner
Aug-31 11:22:27.306 [main] DEBUG nextflow.processor.TaskProcessor - Starting process > WES:BaseRecalibrator
Aug-31 11:22:27.307 [main] DEBUG nextflow.processor.TaskProcessor - Starting process > WES:PrintReads
Aug-31 11:22:27.308 [main] DEBUG nextflow.processor.TaskProcessor - Starting process > WES:generatefinalbam
Aug-31 11:22:27.309 [main] DEBUG nextflow.processor.TaskProcessor - Starting process > WES:minimap_getitd
Aug-31 11:22:27.309 [main] DEBUG nextflow.processor.TaskProcessor - Starting process > WES:coverage_mosdepth
Aug-31 11:22:27.310 [main] DEBUG nextflow.processor.TaskProcessor - Starting process > WES:freebayes
Aug-31 11:22:27.311 [main] DEBUG nextflow.processor.TaskProcessor - Starting process > WES:haplotypecaller
Aug-31 11:22:27.311 [main] DEBUG nextflow.processor.TaskProcessor - Starting process > WES:strelka
Aug-31 11:22:27.312 [main] DEBUG nextflow.processor.TaskProcessor - Starting process > WES:platypus
Aug-31 11:22:27.313 [main] DEBUG nextflow.processor.TaskProcessor - Starting process > WES:varscan
Aug-31 11:22:27.314 [main] DEBUG nextflow.processor.TaskProcessor - Starting process > WES:lofreq
Aug-31 11:22:27.314 [main] DEBUG nextflow.processor.TaskProcessor - Starting process > WES:pindel
Aug-31 11:22:27.314 [main] DEBUG nextflow.processor.TaskProcessor - Starting process > WES:somaticSeq_run
Aug-31 11:22:27.314 [main] DEBUG nextflow.processor.TaskProcessor - Starting process > WES:cava
Aug-31 11:22:27.315 [main] DEBUG nextflow.processor.TaskProcessor - Starting process > WES:merge_csv
Aug-31 11:22:27.315 [main] DEBUG nextflow.script.ScriptRunner - > Await termination 
Aug-31 11:22:27.315 [main] DEBUG nextflow.Session - Session await
Aug-31 11:22:27.606 [Actor Thread 63] INFO  nextflow.processor.TaskProcessor - [e6/45010a] Cached process > WES:trimming_trimmomatic (9)
Aug-31 11:22:27.607 [Actor Thread 52] INFO  nextflow.processor.TaskProcessor - [b7/964e58] Cached process > WES:trimming_trimmomatic (1)
Aug-31 11:22:27.607 [Actor Thread 55] INFO  nextflow.processor.TaskProcessor - [f9/e954a1] Cached process > WES:trimming_trimmomatic (4)
Aug-31 11:22:27.606 [Actor Thread 53] INFO  nextflow.processor.TaskProcessor - [b2/547503] Cached process > WES:trimming_trimmomatic (2)
Aug-31 11:22:27.608 [Actor Thread 56] INFO  nextflow.processor.TaskProcessor - [44/d5489b] Cached process > WES:trimming_trimmomatic (5)
Aug-31 11:22:27.607 [Actor Thread 73] INFO  nextflow.processor.TaskProcessor - [0f/990cd5] Cached process > WES:trimming_trimmomatic (14)
Aug-31 11:22:27.608 [Actor Thread 71] INFO  nextflow.processor.TaskProcessor - [5b/161010] Cached process > WES:trimming_trimmomatic (13)
Aug-31 11:22:27.607 [Actor Thread 69] INFO  nextflow.processor.TaskProcessor - [ef/74a642] Cached process > WES:trimming_trimmomatic (12)
Aug-31 11:22:27.608 [Actor Thread 54] INFO  nextflow.processor.TaskProcessor - [38/1a0c25] Cached process > WES:trimming_trimmomatic (3)
Aug-31 11:22:27.608 [Actor Thread 59] INFO  nextflow.processor.TaskProcessor - [d3/a24e0f] Cached process > WES:trimming_trimmomatic (7)
Aug-31 11:22:27.608 [Actor Thread 67] INFO  nextflow.processor.TaskProcessor - [aa/5fdc7b] Cached process > WES:trimming_trimmomatic (11)
Aug-31 11:22:27.608 [Actor Thread 65] INFO  nextflow.processor.TaskProcessor - [56/899654] Cached process > WES:trimming_trimmomatic (10)
Aug-31 11:22:27.608 [Actor Thread 61] INFO  nextflow.processor.TaskProcessor - [90/01b016] Cached process > WES:trimming_trimmomatic (8)
Aug-31 11:22:27.608 [Actor Thread 57] INFO  nextflow.processor.TaskProcessor - [29/eb9285] Cached process > WES:trimming_trimmomatic (6)
Aug-31 11:22:27.668 [Actor Thread 82] INFO  nextflow.processor.TaskProcessor - [7c/aa0704] Cached process > WES:pair_assembly_pear (3)
Aug-31 11:22:27.670 [Actor Thread 84] INFO  nextflow.processor.TaskProcessor - [28/b55b89] Cached process > WES:pair_assembly_pear (5)
Aug-31 11:22:27.670 [Actor Thread 94] INFO  nextflow.processor.TaskProcessor - [55/c44ac6] Cached process > WES:pair_assembly_pear (9)
Aug-31 11:22:27.670 [Actor Thread 102] INFO  nextflow.processor.TaskProcessor - [0f/96cd40] Cached process > WES:pair_assembly_pear (13)
Aug-31 11:22:27.670 [Actor Thread 104] INFO  nextflow.processor.TaskProcessor - [ae/e9255b] Cached process > WES:pair_assembly_pear (14)
Aug-31 11:22:27.670 [Actor Thread 80] INFO  nextflow.processor.TaskProcessor - [c2/f84be9] Cached process > WES:pair_assembly_pear (1)
Aug-31 11:22:27.670 [Actor Thread 96] INFO  nextflow.processor.TaskProcessor - [a1/211f54] Cached process > WES:pair_assembly_pear (10)
Aug-31 11:22:27.671 [Actor Thread 100] INFO  nextflow.processor.TaskProcessor - [38/faa586] Cached process > WES:pair_assembly_pear (12)
Aug-31 11:22:27.671 [Actor Thread 86] INFO  nextflow.processor.TaskProcessor - [82/88dad5] Cached process > WES:pair_assembly_pear (6)
Aug-31 11:22:27.671 [Actor Thread 91] INFO  nextflow.processor.TaskProcessor - [0b/ad2b6a] Cached process > WES:pair_assembly_pear (8)
Aug-31 11:22:27.671 [Actor Thread 98] INFO  nextflow.processor.TaskProcessor - [e5/9c1b12] Cached process > WES:pair_assembly_pear (11)
Aug-31 11:22:27.671 [Actor Thread 81] INFO  nextflow.processor.TaskProcessor - [08/7e90f0] Cached process > WES:pair_assembly_pear (2)
Aug-31 11:22:27.671 [Actor Thread 83] INFO  nextflow.processor.TaskProcessor - [5d/5d4175] Cached process > WES:pair_assembly_pear (4)
Aug-31 11:22:27.671 [Actor Thread 89] INFO  nextflow.processor.TaskProcessor - [7e/0a2f2b] Cached process > WES:pair_assembly_pear (7)
Aug-31 11:22:27.684 [Actor Thread 110] INFO  nextflow.processor.TaskProcessor - [b4/6d16c8] Cached process > WES:mapping_reads (1)
Aug-31 11:22:27.684 [Actor Thread 129] INFO  nextflow.processor.TaskProcessor - [18/d98563] Cached process > WES:mapping_reads (8)
Aug-31 11:22:27.684 [Actor Thread 115] INFO  nextflow.processor.TaskProcessor - [65/c6cd7a] Cached process > WES:mapping_reads (2)
Aug-31 11:22:27.684 [Actor Thread 123] INFO  nextflow.processor.TaskProcessor - [7a/352732] Cached process > WES:mapping_reads (5)
Aug-31 11:22:27.685 [Actor Thread 118] INFO  nextflow.processor.TaskProcessor - [78/113058] Cached process > WES:mapping_reads (3)
Aug-31 11:22:27.685 [Actor Thread 120] INFO  nextflow.processor.TaskProcessor - [3e/c68a66] Cached process > WES:mapping_reads (4)
Aug-31 11:22:27.685 [Actor Thread 133] INFO  nextflow.processor.TaskProcessor - [ff/3c704c] Cached process > WES:mapping_reads (10)
Aug-31 11:22:27.685 [Actor Thread 125] INFO  nextflow.processor.TaskProcessor - [e6/37e8e3] Cached process > WES:mapping_reads (6)
Aug-31 11:22:27.685 [Actor Thread 127] INFO  nextflow.processor.TaskProcessor - [4b/84465f] Cached process > WES:mapping_reads (7)
Aug-31 11:22:27.686 [Actor Thread 131] INFO  nextflow.processor.TaskProcessor - [b4/fe70ce] Cached process > WES:mapping_reads (9)
Aug-31 11:22:27.686 [Actor Thread 135] INFO  nextflow.processor.TaskProcessor - [5e/616580] Cached process > WES:mapping_reads (11)
Aug-31 11:22:27.686 [Actor Thread 137] INFO  nextflow.processor.TaskProcessor - [f6/0a991d] Cached process > WES:mapping_reads (12)
Aug-31 11:22:27.686 [Actor Thread 141] INFO  nextflow.processor.TaskProcessor - [d3/b90c50] Cached process > WES:mapping_reads (14)
Aug-31 11:22:27.686 [Actor Thread 139] INFO  nextflow.processor.TaskProcessor - [e2/d97e3b] Cached process > WES:mapping_reads (13)
Aug-31 11:22:27.703 [Actor Thread 151] INFO  nextflow.processor.TaskProcessor - [2b/85d0da] Cached process > WES:sam_conversion (2)
Aug-31 11:22:27.703 [Actor Thread 155] INFO  nextflow.processor.TaskProcessor - [82/6b83e0] Cached process > WES:sam_conversion (4)
Aug-31 11:22:27.703 [Actor Thread 160] INFO  nextflow.processor.TaskProcessor - [19/db4dbd] Cached process > WES:sam_conversion (7)
Aug-31 11:22:27.703 [Actor Thread 157] INFO  nextflow.processor.TaskProcessor - [38/19a0d1] Cached process > WES:sam_conversion (5)
Aug-31 11:22:27.703 [Actor Thread 172] INFO  nextflow.processor.TaskProcessor - [5f/1fe3c2] Cached process > WES:sam_conversion (13)
Aug-31 11:22:27.703 [Actor Thread 170] INFO  nextflow.processor.TaskProcessor - [34/501d24] Cached process > WES:sam_conversion (12)
Aug-31 11:22:27.703 [Actor Thread 166] INFO  nextflow.processor.TaskProcessor - [ed/9ff7f9] Cached process > WES:sam_conversion (10)
Aug-31 11:22:27.704 [Actor Thread 148] INFO  nextflow.processor.TaskProcessor - [16/8061ef] Cached process > WES:sam_conversion (1)
Aug-31 11:22:27.704 [Actor Thread 159] INFO  nextflow.processor.TaskProcessor - [91/b1f5ef] Cached process > WES:sam_conversion (6)
Aug-31 11:22:27.704 [Actor Thread 153] INFO  nextflow.processor.TaskProcessor - [c2/2b8139] Cached process > WES:sam_conversion (3)
Aug-31 11:22:27.704 [Actor Thread 174] INFO  nextflow.processor.TaskProcessor - [8e/57157f] Cached process > WES:sam_conversion (14)
Aug-31 11:22:27.705 [Actor Thread 164] INFO  nextflow.processor.TaskProcessor - [61/7a8e66] Cached process > WES:sam_conversion (9)
Aug-31 11:22:27.705 [Actor Thread 168] INFO  nextflow.processor.TaskProcessor - [71/585de5] Cached process > WES:sam_conversion (11)
Aug-31 11:22:27.705 [Actor Thread 162] INFO  nextflow.processor.TaskProcessor - [61/28d1c9] Cached process > WES:sam_conversion (8)
Aug-31 11:22:27.726 [Actor Thread 190] INFO  nextflow.processor.TaskProcessor - [3f/b22b5e] Cached process > WES:mark_duplicates (4)
Aug-31 11:22:27.726 [Actor Thread 187] INFO  nextflow.processor.TaskProcessor - [ca/c1d152] Cached process > WES:mark_duplicates (3)
Aug-31 11:22:27.726 [Actor Thread 198] INFO  nextflow.processor.TaskProcessor - [d4/9ba0e3] Cached process > WES:mark_duplicates (8)
Aug-31 11:22:27.726 [Actor Thread 208] INFO  nextflow.processor.TaskProcessor - [d1/2f02df] Cached process > WES:mark_duplicates (13)
Aug-31 11:22:27.728 [Actor Thread 192] INFO  nextflow.processor.TaskProcessor - [46/46e056] Cached process > WES:mark_duplicates (5)
Aug-31 11:22:27.728 [Actor Thread 206] INFO  nextflow.processor.TaskProcessor - [5b/ac07f7] Cached process > WES:mark_duplicates (12)
Aug-31 11:22:27.728 [Actor Thread 194] INFO  nextflow.processor.TaskProcessor - [b1/f272e6] Cached process > WES:mark_duplicates (6)
Aug-31 11:22:27.728 [Actor Thread 200] INFO  nextflow.processor.TaskProcessor - [89/3eddaf] Cached process > WES:mark_duplicates (9)
Aug-31 11:22:27.728 [Actor Thread 204] INFO  nextflow.processor.TaskProcessor - [d6/74f230] Cached process > WES:mark_duplicates (11)
Aug-31 11:22:27.728 [Actor Thread 202] INFO  nextflow.processor.TaskProcessor - [b4/618087] Cached process > WES:mark_duplicates (10)
Aug-31 11:22:27.728 [Actor Thread 181] INFO  nextflow.processor.TaskProcessor - [7a/82bf02] Cached process > WES:mark_duplicates (1)
Aug-31 11:22:27.728 [Actor Thread 210] INFO  nextflow.processor.TaskProcessor - [e5/ff7fc5] Cached process > WES:mark_duplicates (14)
Aug-31 11:22:27.728 [Actor Thread 196] INFO  nextflow.processor.TaskProcessor - [01/3b6f9d] Cached process > WES:mark_duplicates (7)
Aug-31 11:22:27.728 [Actor Thread 184] INFO  nextflow.processor.TaskProcessor - [01/47c34f] Cached process > WES:mark_duplicates (2)
Aug-31 11:22:27.751 [Actor Thread 229] INFO  nextflow.processor.TaskProcessor - [31/5690cf] Cached process > WES:RealignerTargetCreator (5)
Aug-31 11:22:27.751 [Actor Thread 237] INFO  nextflow.processor.TaskProcessor - [d6/4dfd78] Cached process > WES:RealignerTargetCreator (9)
Aug-31 11:22:27.751 [Actor Thread 224] INFO  nextflow.processor.TaskProcessor - [d8/5e6350] Cached process > WES:RealignerTargetCreator (3)
Aug-31 11:22:27.751 [Actor Thread 245] INFO  nextflow.processor.TaskProcessor - [21/be6bd2] Cached process > WES:RealignerTargetCreator (13)
Aug-31 11:22:27.751 [Actor Thread 247] INFO  nextflow.processor.TaskProcessor - [44/d581c9] Cached process > WES:RealignerTargetCreator (14)
Aug-31 11:22:27.751 [Actor Thread 235] INFO  nextflow.processor.TaskProcessor - [7c/e4a10b] Cached process > WES:RealignerTargetCreator (8)
Aug-31 11:22:27.751 [Actor Thread 218] INFO  nextflow.processor.TaskProcessor - [9d/56a070] Cached process > WES:RealignerTargetCreator (1)
Aug-31 11:22:27.751 [Actor Thread 231] INFO  nextflow.processor.TaskProcessor - [ab/a5369d] Cached process > WES:RealignerTargetCreator (6)
Aug-31 11:22:27.751 [Actor Thread 239] INFO  nextflow.processor.TaskProcessor - [68/aebc68] Cached process > WES:RealignerTargetCreator (10)
Aug-31 11:22:27.751 [Actor Thread 233] INFO  nextflow.processor.TaskProcessor - [a2/d87d18] Cached process > WES:RealignerTargetCreator (7)
Aug-31 11:22:27.751 [Actor Thread 241] INFO  nextflow.processor.TaskProcessor - [4c/2f35ef] Cached process > WES:RealignerTargetCreator (11)
Aug-31 11:22:27.751 [Actor Thread 243] INFO  nextflow.processor.TaskProcessor - [08/b58dd5] Cached process > WES:RealignerTargetCreator (12)
Aug-31 11:22:27.751 [Actor Thread 227] INFO  nextflow.processor.TaskProcessor - [4e/60b60d] Cached process > WES:RealignerTargetCreator (4)
Aug-31 11:22:27.752 [Actor Thread 221] INFO  nextflow.processor.TaskProcessor - [6d/748c28] Cached process > WES:RealignerTargetCreator (2)
Aug-31 11:22:27.774 [Actor Thread 277] INFO  nextflow.processor.TaskProcessor - [ed/95805b] Cached process > WES:IndelRealigner (11)
Aug-31 11:22:27.774 [Actor Thread 261] INFO  nextflow.processor.TaskProcessor - [31/ba1b2e] Cached process > WES:IndelRealigner (3)
Aug-31 11:22:27.774 [Actor Thread 263] INFO  nextflow.processor.TaskProcessor - [11/9480a2] Cached process > WES:IndelRealigner (4)
Aug-31 11:22:27.774 [Actor Thread 269] INFO  nextflow.processor.TaskProcessor - [e0/63d0ae] Cached process > WES:IndelRealigner (7)
Aug-31 11:22:27.774 [Actor Thread 273] INFO  nextflow.processor.TaskProcessor - [7b/1a277f] Cached process > WES:IndelRealigner (9)
Aug-31 11:22:27.774 [Actor Thread 265] INFO  nextflow.processor.TaskProcessor - [35/d2bb5a] Cached process > WES:IndelRealigner (5)
Aug-31 11:22:27.774 [Actor Thread 281] INFO  nextflow.processor.TaskProcessor - [e1/e91e3c] Cached process > WES:IndelRealigner (13)
Aug-31 11:22:27.774 [Actor Thread 275] INFO  nextflow.processor.TaskProcessor - [21/9880da] Cached process > WES:IndelRealigner (10)
Aug-31 11:22:27.774 [Actor Thread 257] INFO  nextflow.processor.TaskProcessor - [27/ce3381] Cached process > WES:IndelRealigner (1)
Aug-31 11:22:27.774 [Actor Thread 267] INFO  nextflow.processor.TaskProcessor - [15/7c9a70] Cached process > WES:IndelRealigner (6)
Aug-31 11:22:27.774 [Actor Thread 279] INFO  nextflow.processor.TaskProcessor - [5d/65be95] Cached process > WES:IndelRealigner (12)
Aug-31 11:22:27.774 [Actor Thread 283] INFO  nextflow.processor.TaskProcessor - [f3/e653e3] Cached process > WES:IndelRealigner (14)
Aug-31 11:22:27.774 [Actor Thread 271] INFO  nextflow.processor.TaskProcessor - [8c/0822d0] Cached process > WES:IndelRealigner (8)
Aug-31 11:22:27.776 [Actor Thread 259] INFO  nextflow.processor.TaskProcessor - [5a/b88044] Cached process > WES:IndelRealigner (2)
Aug-31 11:22:27.800 [Actor Thread 277] INFO  nextflow.processor.TaskProcessor - [d5/d9f9a1] Cached process > WES:BaseRecalibrator (6)
Aug-31 11:22:27.800 [Actor Thread 275] INFO  nextflow.processor.TaskProcessor - [c2/b6911e] Cached process > WES:BaseRecalibrator (7)
Aug-31 11:22:27.800 [Actor Thread 269] INFO  nextflow.processor.TaskProcessor - [bf/ba6e67] Cached process > WES:BaseRecalibrator (8)
Aug-31 11:22:27.800 [Actor Thread 273] INFO  nextflow.processor.TaskProcessor - [8a/06712a] Cached process > WES:BaseRecalibrator (9)
Aug-31 11:22:27.800 [Actor Thread 257] INFO  nextflow.processor.TaskProcessor - [e8/f96ace] Cached process > WES:BaseRecalibrator (11)
Aug-31 11:22:27.800 [Actor Thread 267] INFO  nextflow.processor.TaskProcessor - [e5/f19952] Cached process > WES:BaseRecalibrator (1)
Aug-31 11:22:27.800 [Actor Thread 279] INFO  nextflow.processor.TaskProcessor - [81/5cd0ae] Cached process > WES:BaseRecalibrator (10)
Aug-31 11:22:27.800 [Actor Thread 281] INFO  nextflow.processor.TaskProcessor - [57/c49eeb] Cached process > WES:BaseRecalibrator (4)
Aug-31 11:22:27.800 [Actor Thread 271] INFO  nextflow.processor.TaskProcessor - [e2/198b19] Cached process > WES:BaseRecalibrator (5)
Aug-31 11:22:27.800 [Actor Thread 263] INFO  nextflow.processor.TaskProcessor - [05/bac4c7] Cached process > WES:BaseRecalibrator (2)
Aug-31 11:22:27.800 [Actor Thread 265] INFO  nextflow.processor.TaskProcessor - [ff/cbe6ba] Cached process > WES:BaseRecalibrator (14)
Aug-31 11:22:27.800 [Actor Thread 283] INFO  nextflow.processor.TaskProcessor - [1a/3fa834] Cached process > WES:BaseRecalibrator (12)
Aug-31 11:22:27.800 [Actor Thread 261] INFO  nextflow.processor.TaskProcessor - [4e/4e107c] Cached process > WES:BaseRecalibrator (3)
Aug-31 11:22:27.802 [Actor Thread 253] INFO  nextflow.processor.TaskProcessor - [06/52a667] Cached process > WES:BaseRecalibrator (13)
Aug-31 11:22:27.856 [Actor Thread 267] INFO  nextflow.processor.TaskProcessor - [8d/25b447] Cached process > WES:PrintReads (11)
Aug-31 11:22:27.856 [Actor Thread 283] INFO  nextflow.processor.TaskProcessor - [41/395091] Cached process > WES:PrintReads (2)
Aug-31 11:22:27.856 [Actor Thread 265] INFO  nextflow.processor.TaskProcessor - [5f/ab8d01] Cached process > WES:PrintReads (3)
Aug-31 11:22:27.856 [Actor Thread 273] INFO  nextflow.processor.TaskProcessor - [1e/c26ed6] Cached process > WES:PrintReads (12)
Aug-31 11:22:27.856 [Actor Thread 259] INFO  nextflow.processor.TaskProcessor - [83/237732] Cached process > WES:PrintReads (7)
Aug-31 11:22:27.856 [Actor Thread 271] INFO  nextflow.processor.TaskProcessor - [06/9185c8] Cached process > WES:PrintReads (5)
Aug-31 11:22:27.856 [Actor Thread 261] INFO  nextflow.processor.TaskProcessor - [27/985ba3] Cached process > WES:PrintReads (13)
Aug-31 11:22:27.856 [Actor Thread 257] INFO  nextflow.processor.TaskProcessor - [65/0efcbc] Cached process > WES:PrintReads (14)
Aug-31 11:22:27.856 [Actor Thread 281] INFO  nextflow.processor.TaskProcessor - [09/d26a50] Cached process > WES:PrintReads (4)
Aug-31 11:22:27.856 [Actor Thread 279] INFO  nextflow.processor.TaskProcessor - [60/f71254] Cached process > WES:PrintReads (8)
Aug-31 11:22:27.856 [Actor Thread 253] INFO  nextflow.processor.TaskProcessor - [7f/1a22bc] Cached process > WES:PrintReads (9)
Aug-31 11:22:27.856 [Actor Thread 277] INFO  nextflow.processor.TaskProcessor - [2c/912b74] Cached process > WES:PrintReads (10)
Aug-31 11:22:27.856 [Actor Thread 275] INFO  nextflow.processor.TaskProcessor - [f4/9b95ab] Cached process > WES:PrintReads (6)
Aug-31 11:22:27.856 [Actor Thread 263] INFO  nextflow.processor.TaskProcessor - [44/daaef7] Cached process > WES:PrintReads (1)
Aug-31 11:22:27.884 [Actor Thread 273] INFO  nextflow.processor.TaskProcessor - [29/8d8bb0] Cached process > WES:generatefinalbam (11)
Aug-31 11:22:27.884 [Actor Thread 267] INFO  nextflow.processor.TaskProcessor - [ed/6797ed] Cached process > WES:generatefinalbam (4)
Aug-31 11:22:27.884 [Actor Thread 283] INFO  nextflow.processor.TaskProcessor - [d2/f4f9cb] Cached process > WES:generatefinalbam (14)
Aug-31 11:22:27.884 [Actor Thread 265] INFO  nextflow.processor.TaskProcessor - [d5/791589] Cached process > WES:generatefinalbam (1)
Aug-31 11:22:27.884 [Actor Thread 279] INFO  nextflow.processor.TaskProcessor - [07/e8959a] Cached process > WES:generatefinalbam (3)
Aug-31 11:22:27.884 [Actor Thread 253] INFO  nextflow.processor.TaskProcessor - [5c/07aa7a] Cached process > WES:generatefinalbam (6)
Aug-31 11:22:27.884 [Actor Thread 281] INFO  nextflow.processor.TaskProcessor - [f0/48ef76] Cached process > WES:generatefinalbam (8)
Aug-31 11:22:27.884 [Actor Thread 263] INFO  nextflow.processor.TaskProcessor - [ff/011245] Cached process > WES:generatefinalbam (12)
Aug-31 11:22:27.885 [Actor Thread 261] INFO  nextflow.processor.TaskProcessor - [25/c9f401] Cached process > WES:generatefinalbam (7)
Aug-31 11:22:27.885 [Actor Thread 277] INFO  nextflow.processor.TaskProcessor - [83/45810c] Cached process > WES:generatefinalbam (2)
Aug-31 11:22:27.885 [Actor Thread 257] INFO  nextflow.processor.TaskProcessor - [ed/cce3fb] Cached process > WES:generatefinalbam (5)
Aug-31 11:22:27.885 [Actor Thread 259] INFO  nextflow.processor.TaskProcessor - [1c/75e5ff] Cached process > WES:generatefinalbam (13)
Aug-31 11:22:27.885 [Actor Thread 287] INFO  nextflow.processor.TaskProcessor - [ad/c00670] Cached process > WES:generatefinalbam (10)
Aug-31 11:22:27.885 [Actor Thread 214] INFO  nextflow.processor.TaskProcessor - [cd/94a5fc] Cached process > WES:generatefinalbam (9)
Aug-31 11:22:27.925 [Actor Thread 277] DEBUG n.util.BlockingThreadExecutorFactory - Thread pool name=FileTransfer; maxThreads=468; maxQueueSize=1404; keepAlive=1m
Aug-31 11:22:27.928 [Actor Thread 192] INFO  nextflow.processor.TaskProcessor - [11/9258b4] Cached process > WES:strelka (6)
Aug-31 11:22:27.928 [Actor Thread 73] INFO  nextflow.processor.TaskProcessor - [19/c132e4] Cached process > WES:strelka (11)
Aug-31 11:22:27.928 [Actor Thread 181] INFO  nextflow.processor.TaskProcessor - [37/759358] Cached process > WES:strelka (3)
Aug-31 11:22:27.928 [Actor Thread 247] INFO  nextflow.processor.TaskProcessor - [9a/defc4e] Cached process > WES:strelka (1)
Aug-31 11:22:27.928 [Actor Thread 110] INFO  nextflow.processor.TaskProcessor - [9f/7f3350] Cached process > WES:strelka (8)
Aug-31 11:22:27.928 [Actor Thread 224] INFO  nextflow.processor.TaskProcessor - [05/6ffcd2] Cached process > WES:strelka (2)
Aug-31 11:22:27.928 [Actor Thread 166] INFO  nextflow.processor.TaskProcessor - [4e/f9d145] Cached process > WES:strelka (4)
Aug-31 11:22:27.928 [Actor Thread 55] INFO  nextflow.processor.TaskProcessor - [4f/2c717a] Cached process > WES:strelka (9)
Aug-31 11:22:27.928 [Actor Thread 69] INFO  nextflow.processor.TaskProcessor - [e6/3166da] Cached process > WES:strelka (10)
Aug-31 11:22:27.928 [Actor Thread 120] INFO  nextflow.processor.TaskProcessor - [75/64c078] Cached process > WES:strelka (7)
Aug-31 11:22:27.929 [Actor Thread 21] INFO  nextflow.processor.TaskProcessor - [5b/0652b2] Cached process > WES:strelka (13)
Aug-31 11:22:27.928 [Actor Thread 145] INFO  nextflow.processor.TaskProcessor - [39/3f3f93] Cached process > WES:strelka (5)
Aug-31 11:22:27.929 [Actor Thread 45] INFO  nextflow.processor.TaskProcessor - [4f/d1c3e5] Cached process > WES:strelka (12)
Aug-31 11:22:27.930 [Actor Thread 20] INFO  nextflow.processor.TaskProcessor - [a7/b56164] Cached process > WES:strelka (14)
Aug-31 11:22:27.931 [Actor Thread 235] INFO  nextflow.processor.TaskProcessor - [93/f5ea9d] Cached process > WES:platypus (1)
Aug-31 11:22:27.931 [Actor Thread 141] INFO  nextflow.processor.TaskProcessor - [79/f07de1] Cached process > WES:platypus (5)
Aug-31 11:22:27.931 [Actor Thread 98] INFO  nextflow.processor.TaskProcessor - [eb/5971f5] Cached process > WES:platypus (9)
Aug-31 11:22:27.931 [Actor Thread 229] INFO  nextflow.processor.TaskProcessor - [d3/80ad80] Cached process > WES:platypus (2)
Aug-31 11:22:27.931 [Actor Thread 115] INFO  nextflow.processor.TaskProcessor - [df/b8cefc] Cached process > WES:platypus (7)
Aug-31 11:22:27.933 [Actor Thread 198] INFO  nextflow.processor.TaskProcessor - [74/46e269] Cached process > WES:platypus (4)
Aug-31 11:22:27.933 [Actor Thread 17] INFO  nextflow.processor.TaskProcessor - [f4/825155] Cached process > WES:platypus (14)
Aug-31 11:22:27.933 [Actor Thread 50] INFO  nextflow.processor.TaskProcessor - [99/e4e1fd] Cached process > WES:platypus (8)
Aug-31 11:22:27.933 [Actor Thread 27] INFO  nextflow.processor.TaskProcessor - [61/6760dd] Cached process > WES:platypus (13)
Aug-31 11:22:27.933 [Actor Thread 49] INFO  nextflow.processor.TaskProcessor - [7a/9e2eda] Cached process > WES:platypus (11)
Aug-31 11:22:27.933 [Actor Thread 118] INFO  nextflow.processor.TaskProcessor - [d4/15d1ac] Cached process > WES:platypus (6)
Aug-31 11:22:27.933 [Actor Thread 200] INFO  nextflow.processor.TaskProcessor - [6e/3c881c] Cached process > WES:platypus (3)
Aug-31 11:22:27.933 [Actor Thread 107] INFO  nextflow.processor.TaskProcessor - [65/d43ade] Cached process > WES:platypus (10)
Aug-31 11:22:27.933 [Actor Thread 159] INFO  nextflow.processor.TaskProcessor - [bf/18a8ce] Cached process > WES:freebayes (4)
Aug-31 11:22:27.933 [Actor Thread 221] INFO  nextflow.processor.TaskProcessor - [47/44e266] Cached process > WES:freebayes (2)
Aug-31 11:22:27.933 [Actor Thread 80] INFO  nextflow.processor.TaskProcessor - [47/a716c2] Cached process > WES:freebayes (8)
Aug-31 11:22:27.934 [Actor Thread 271] INFO  nextflow.processor.TaskProcessor - [bf/78e844] Cached process > WES:freebayes (3)
Aug-31 11:22:27.934 [Actor Thread 38] INFO  nextflow.processor.TaskProcessor - [c4/51a465] Cached process > WES:platypus (12)
Aug-31 11:22:27.934 [Actor Thread 157] INFO  nextflow.processor.TaskProcessor - [aa/146150] Cached process > WES:freebayes (5)
Aug-31 11:22:27.934 [Actor Thread 137] INFO  nextflow.processor.TaskProcessor - [3b/ff3cbb] Cached process > WES:freebayes (7)
Aug-31 11:22:27.934 [Actor Thread 162] INFO  nextflow.processor.TaskProcessor - [0b/c47468] Cached process > WES:freebayes (6)
Aug-31 11:22:27.934 [Actor Thread 59] INFO  nextflow.processor.TaskProcessor - [f7/0fcb94] Cached process > WES:freebayes (10)
Aug-31 11:22:27.934 [Actor Thread 52] INFO  nextflow.processor.TaskProcessor - [ab/528935] Cached process > WES:freebayes (9)
Aug-31 11:22:27.934 [Actor Thread 44] INFO  nextflow.processor.TaskProcessor - [5e/076235] Cached process > WES:freebayes (11)
Aug-31 11:22:27.934 [Actor Thread 215] INFO  nextflow.processor.TaskProcessor - [7b/00958b] Cached process > WES:freebayes (1)
Aug-31 11:22:27.934 [Actor Thread 39] INFO  nextflow.processor.TaskProcessor - [a5/4ec495] Cached process > WES:freebayes (12)
Aug-31 11:22:27.934 [Actor Thread 30] INFO  nextflow.processor.TaskProcessor - [92/ce82a1] Cached process > WES:freebayes (13)
Aug-31 11:22:27.934 [Actor Thread 24] INFO  nextflow.processor.TaskProcessor - [a9/335f0d] Cached process > WES:freebayes (14)
Aug-31 11:22:27.939 [Actor Thread 86] INFO  nextflow.processor.TaskProcessor - [22/d488fe] Cached process > WES:coverage_mosdepth (8)
Aug-31 11:22:27.940 [Actor Thread 184] INFO  nextflow.processor.TaskProcessor - [96/cb5589] Cached process > WES:coverage_mosdepth (4)
Aug-31 11:22:27.939 [Actor Thread 83] INFO  nextflow.processor.TaskProcessor - [ce/ae2690] Cached process > WES:coverage_mosdepth (10)
Aug-31 11:22:27.939 [Actor Thread 187] INFO  nextflow.processor.TaskProcessor - [2c/921f9e] Cached process > WES:coverage_mosdepth (3)
Aug-31 11:22:27.941 [Actor Thread 127] INFO  nextflow.processor.TaskProcessor - [91/ffa4e4] Cached process > WES:coverage_mosdepth (7)
Aug-31 11:22:27.941 [Actor Thread 202] INFO  nextflow.processor.TaskProcessor - [72/a00353] Cached process > WES:coverage_mosdepth (5)
Aug-31 11:22:27.942 [Actor Thread 233] INFO  nextflow.processor.TaskProcessor - [84/dde674] Cached process > WES:coverage_mosdepth (2)
Aug-31 11:22:27.942 [Actor Thread 131] INFO  nextflow.processor.TaskProcessor - [50/738666] Cached process > WES:coverage_mosdepth (6)
Aug-31 11:22:27.942 [Actor Thread 37] INFO  nextflow.processor.TaskProcessor - [48/531c2c] Cached process > WES:coverage_mosdepth (12)
Aug-31 11:22:27.942 [Actor Thread 23] INFO  nextflow.processor.TaskProcessor - [d5/2ed3fd] Cached process > WES:coverage_mosdepth (14)
Aug-31 11:22:27.942 [Actor Thread 40] INFO  nextflow.processor.TaskProcessor - [0e/78cd37] Cached process > WES:coverage_mosdepth (11)
Aug-31 11:22:27.942 [Actor Thread 61] INFO  nextflow.processor.TaskProcessor - [5a/cdce50] Cached process > WES:coverage_mosdepth (9)
Aug-31 11:22:27.942 [Actor Thread 18] INFO  nextflow.processor.TaskProcessor - [8e/80d3ba] Cached process > WES:coverage_mosdepth (13)
Aug-31 11:22:27.943 [Actor Thread 168] INFO  nextflow.processor.TaskProcessor - [ba/90f09d] Cached process > WES:minimap_getitd (4)
Aug-31 11:22:27.943 [Actor Thread 172] INFO  nextflow.processor.TaskProcessor - [3c/4cf3f7] Cached process > WES:minimap_getitd (5)
Aug-31 11:22:27.943 [Actor Thread 208] INFO  nextflow.processor.TaskProcessor - [db/c464ae] Cached process > WES:minimap_getitd (3)
Aug-31 11:22:27.943 [Actor Thread 26] INFO  nextflow.processor.TaskProcessor - [ca/826db0] Cached process > WES:minimap_getitd (13)
Aug-31 11:22:27.943 [Actor Thread 239] INFO  nextflow.processor.TaskProcessor - [1e/537651] Cached process > WES:minimap_getitd (2)
Aug-31 11:22:27.943 [Actor Thread 65] INFO  nextflow.processor.TaskProcessor - [8a/686528] Cached process > WES:minimap_getitd (9)
Aug-31 11:22:27.943 [Actor Thread 218] INFO  nextflow.processor.TaskProcessor - [46/272e27] Cached process > WES:coverage_mosdepth (1)
Aug-31 11:22:27.943 [Actor Thread 53] INFO  nextflow.processor.TaskProcessor - [cf/650b7c] Cached process > WES:minimap_getitd (12)
Aug-31 11:22:27.943 [Actor Thread 237] INFO  nextflow.processor.TaskProcessor - [3d/58cc7f] Cached process > WES:minimap_getitd (1)
Aug-31 11:22:27.943 [Actor Thread 84] INFO  nextflow.processor.TaskProcessor - [d2/2550d2] Cached process > WES:minimap_getitd (8)
Aug-31 11:22:27.943 [Actor Thread 63] INFO  nextflow.processor.TaskProcessor - [45/9da0a7] Cached process > WES:minimap_getitd (10)
Aug-31 11:22:27.943 [Actor Thread 125] INFO  nextflow.processor.TaskProcessor - [2a/f93613] Cached process > WES:minimap_getitd (6)
Aug-31 11:22:27.943 [Actor Thread 129] INFO  nextflow.processor.TaskProcessor - [a7/1ab498] Cached process > WES:minimap_getitd (7)
Aug-31 11:22:27.954 [Actor Thread 25] INFO  nextflow.processor.TaskProcessor - [ef/7532f9] Cached process > WES:minimap_getitd (14)
Aug-31 11:22:27.954 [Actor Thread 47] INFO  nextflow.processor.TaskProcessor - [42/7794f6] Cached process > WES:minimap_getitd (11)
Aug-31 11:22:27.962 [Actor Thread 269] INFO  nextflow.processor.TaskProcessor - [1e/12976a] Cached process > WES:lofreq (2)
Aug-31 11:22:27.962 [Actor Thread 89] INFO  nextflow.processor.TaskProcessor - [89/494a48] Cached process > WES:lofreq (7)
Aug-31 11:22:27.962 [Actor Thread 151] INFO  nextflow.processor.TaskProcessor - [de/2a8384] Cached process > WES:lofreq (4)
Aug-31 11:22:27.962 [Actor Thread 241] INFO  nextflow.processor.TaskProcessor - [7e/887500] Cached process > WES:lofreq (1)
Aug-31 11:22:27.962 [Actor Thread 174] INFO  nextflow.processor.TaskProcessor - [da/3ad2c4] Cached process > WES:lofreq (6)
Aug-31 11:22:27.962 [Actor Thread 153] INFO  nextflow.processor.TaskProcessor - [43/99a9e9] Cached process > WES:lofreq (5)
Aug-31 11:22:27.962 [Actor Thread 133] INFO  nextflow.processor.TaskProcessor - [42/98f06d] Cached process > WES:lofreq (8)
Aug-31 11:22:27.962 [Actor Thread 204] INFO  nextflow.processor.TaskProcessor - [ce/616915] Cached process > WES:lofreq (3)
Aug-31 11:22:27.962 [Actor Thread 91] INFO  nextflow.processor.TaskProcessor - [f6/880fd7] Cached process > WES:lofreq (9)
Aug-31 11:22:27.962 [Actor Thread 71] INFO  nextflow.processor.TaskProcessor - [44/1962c8] Cached process > WES:lofreq (10)
Aug-31 11:22:27.962 [Actor Thread 54] INFO  nextflow.processor.TaskProcessor - [90/259878] Cached process > WES:lofreq (11)
Aug-31 11:22:27.962 [Actor Thread 32] INFO  nextflow.processor.TaskProcessor - [e7/7ca645] Cached process > WES:lofreq (14)
Aug-31 11:22:27.962 [Actor Thread 36] INFO  nextflow.processor.TaskProcessor - [85/5c44be] Cached process > WES:lofreq (12)
Aug-31 11:22:27.962 [Actor Thread 22] INFO  nextflow.processor.TaskProcessor - [70/f19392] Cached process > WES:lofreq (13)
Aug-31 11:22:27.967 [Actor Thread 155] INFO  nextflow.processor.TaskProcessor - [d8/2d40d1] Cached process > WES:varscan (7)
Aug-31 11:22:27.968 [Actor Thread 57] INFO  nextflow.processor.TaskProcessor - [6b/eb8e60] Cached process > WES:varscan (10)
Aug-31 11:22:27.968 [Actor Thread 35] INFO  nextflow.processor.TaskProcessor - [aa/f100f5] Cached process > WES:varscan (13)
Aug-31 11:22:27.968 [Actor Thread 28] INFO  nextflow.processor.TaskProcessor - [fe/621e9f] Cached process > WES:varscan (14)
Aug-31 11:22:27.968 [Actor Thread 96] INFO  nextflow.processor.TaskProcessor - [5e/294a2b] Cached process > WES:varscan (9)
Aug-31 11:22:27.968 [Actor Thread 81] INFO  nextflow.processor.TaskProcessor - [88/96f206] Cached process > WES:varscan (8)
Aug-31 11:22:27.968 [Actor Thread 231] INFO  nextflow.processor.TaskProcessor - [88/f970e6] Cached process > WES:varscan (1)
Aug-31 11:22:27.968 [Actor Thread 148] INFO  nextflow.processor.TaskProcessor - [db/bbdf9f] Cached process > WES:varscan (4)
Aug-31 11:22:27.968 [Actor Thread 123] INFO  nextflow.processor.TaskProcessor - [ad/1bfdc6] Cached process > WES:varscan (6)
Aug-31 11:22:27.968 [Actor Thread 194] INFO  nextflow.processor.TaskProcessor - [1c/ac1f76] Cached process > WES:varscan (2)
Aug-31 11:22:27.968 [Actor Thread 210] INFO  nextflow.processor.TaskProcessor - [24/130c1f] Cached process > WES:varscan (3)
Aug-31 11:22:27.968 [Actor Thread 67] INFO  nextflow.processor.TaskProcessor - [c4/67a6f3] Cached process > WES:haplotypecaller (10)
Aug-31 11:22:27.968 [Actor Thread 102] INFO  nextflow.processor.TaskProcessor - [f9/e390ab] Cached process > WES:haplotypecaller (8)
Aug-31 11:22:27.968 [Actor Thread 43] INFO  nextflow.processor.TaskProcessor - [a4/e518ac] Cached process > WES:varscan (12)
Aug-31 11:22:27.968 [Actor Thread 104] INFO  nextflow.processor.TaskProcessor - [a1/911d7b] Cached process > WES:haplotypecaller (9)
Aug-31 11:22:27.968 [Actor Thread 243] INFO  nextflow.processor.TaskProcessor - [eb/90ae0e] Cached process > WES:haplotypecaller (1)
Aug-31 11:22:27.968 [Actor Thread 206] INFO  nextflow.processor.TaskProcessor - [3d/367fde] Cached process > WES:haplotypecaller (4)
Aug-31 11:22:27.968 [Actor Thread 170] INFO  nextflow.processor.TaskProcessor - [c1/edabdb] Cached process > WES:haplotypecaller (7)
Aug-31 11:22:27.968 [Actor Thread 41] INFO  nextflow.processor.TaskProcessor - [13/b1999b] Cached process > WES:varscan (11)
Aug-31 11:22:27.968 [Actor Thread 190] INFO  nextflow.processor.TaskProcessor - [f9/e4c6ef] Cached process > WES:haplotypecaller (3)
Aug-31 11:22:27.968 [Actor Thread 34] INFO  nextflow.processor.TaskProcessor - [ca/a223b5] Cached process > WES:haplotypecaller (12)
Aug-31 11:22:27.968 [Actor Thread 160] INFO  nextflow.processor.TaskProcessor - [01/4951e1] Cached process > WES:varscan (5)
Aug-31 11:22:27.968 [Actor Thread 139] INFO  nextflow.processor.TaskProcessor - [1d/a3a1c2] Cached process > WES:haplotypecaller (6)
Aug-31 11:22:27.968 [Actor Thread 42] INFO  nextflow.processor.TaskProcessor - [fa/fe31cf] Cached process > WES:haplotypecaller (11)
Aug-31 11:22:27.969 [Actor Thread 19] INFO  nextflow.processor.TaskProcessor - [9f/d52774] Cached process > WES:haplotypecaller (14)
Aug-31 11:22:27.969 [Actor Thread 113] INFO  nextflow.processor.TaskProcessor - [c8/a965b6] Cached process > WES:haplotypecaller (5)
Aug-31 11:22:27.969 [Actor Thread 251] INFO  nextflow.processor.TaskProcessor - [5f/51a8d8] Cached process > WES:haplotypecaller (2)
Aug-31 11:22:27.969 [Actor Thread 46] INFO  nextflow.processor.TaskProcessor - [79/dba04e] Cached process > WES:haplotypecaller (13)
Aug-31 11:22:27.999 [Actor Thread 164] INFO  nextflow.processor.TaskProcessor - [ba/3e20c4] Cached process > WES:pindel (6)
Aug-31 11:22:27.999 [Actor Thread 227] INFO  nextflow.processor.TaskProcessor - [5d/bd38d8] Cached process > WES:pindel (3)
Aug-31 11:22:27.999 [Actor Thread 245] INFO  nextflow.processor.TaskProcessor - [23/94b11c] Cached process > WES:pindel (1)
Aug-31 11:22:27.999 [Actor Thread 196] INFO  nextflow.processor.TaskProcessor - [64/df9a11] Cached process > WES:pindel (4)
Aug-31 11:22:28.001 [Actor Thread 135] INFO  nextflow.processor.TaskProcessor - [e9/cbffe7] Cached process > WES:pindel (5)
Aug-31 11:22:28.001 [Actor Thread 82] INFO  nextflow.processor.TaskProcessor - [06/52db28] Cached process > WES:pindel (10)
Aug-31 11:22:28.001 [Actor Thread 94] INFO  nextflow.processor.TaskProcessor - [7e/19b1d1] Cached process > WES:pindel (9)
Aug-31 11:22:28.001 [Actor Thread 33] INFO  nextflow.processor.TaskProcessor - [ca/b3d249] Cached process > WES:pindel (13)
Aug-31 11:22:28.001 [Actor Thread 100] INFO  nextflow.processor.TaskProcessor - [fd/852360] Cached process > WES:pindel (7)
Aug-31 11:22:28.001 [Actor Thread 29] INFO  nextflow.processor.TaskProcessor - [52/99daa3] Cached process > WES:pindel (14)
Aug-31 11:22:28.001 [Actor Thread 77] INFO  nextflow.processor.TaskProcessor - [8e/9ffd95] Cached process > WES:pindel (8)
Aug-31 11:22:28.001 [Actor Thread 178] INFO  nextflow.processor.TaskProcessor - [67/14d29a] Cached process > WES:pindel (2)
Aug-31 11:22:28.001 [Actor Thread 48] INFO  nextflow.processor.TaskProcessor - [72/3b5ae7] Cached process > WES:pindel (12)
Aug-31 11:22:28.001 [Actor Thread 56] INFO  nextflow.processor.TaskProcessor - [c0/45847d] Cached process > WES:pindel (11)
Aug-31 11:22:28.022 [Actor Thread 42] INFO  nextflow.processor.TaskProcessor - [9e/ed0abe] Cached process > WES:somaticSeq_run (8)
Aug-31 11:22:28.022 [Actor Thread 113] INFO  nextflow.processor.TaskProcessor - [93/545462] Cached process > WES:somaticSeq_run (6)
Aug-31 11:22:28.022 [Actor Thread 61] INFO  nextflow.processor.TaskProcessor - [71/5bf8b5] Cached process > WES:somaticSeq_run (4)
Aug-31 11:22:28.022 [Actor Thread 190] INFO  nextflow.processor.TaskProcessor - [45/6cb2f6] Cached process > WES:somaticSeq_run (5)
Aug-31 11:22:28.022 [Actor Thread 37] INFO  nextflow.processor.TaskProcessor - [98/895e5f] Cached process > WES:somaticSeq_run (13)
Aug-31 11:22:28.022 [Actor Thread 131] INFO  nextflow.processor.TaskProcessor - [b7/8c11ff] Cached process > WES:somaticSeq_run (1)
Aug-31 11:22:28.022 [Actor Thread 46] INFO  nextflow.processor.TaskProcessor - [55/9e404b] Cached process > WES:somaticSeq_run (3)
Aug-31 11:22:28.022 [Actor Thread 281] INFO  nextflow.processor.TaskProcessor - [95/2f3c1d] Cached process > WES:somaticSeq_run (7)
Aug-31 11:22:28.022 [Actor Thread 206] INFO  nextflow.processor.TaskProcessor - [29/2bf044] Cached process > WES:somaticSeq_run (14)
Aug-31 11:22:28.022 [Actor Thread 19] INFO  nextflow.processor.TaskProcessor - [0c/751238] Cached process > WES:somaticSeq_run (2)
Aug-31 11:22:28.022 [Actor Thread 243] INFO  nextflow.processor.TaskProcessor - [1a/b65a20] Cached process > WES:somaticSeq_run (12)
Aug-31 11:22:28.022 [Actor Thread 127] INFO  nextflow.processor.TaskProcessor - [19/ca2a05] Cached process > WES:somaticSeq_run (9)
Aug-31 11:22:28.022 [Actor Thread 83] INFO  nextflow.processor.TaskProcessor - [68/653b76] Cached process > WES:somaticSeq_run (11)
Aug-31 11:22:28.022 [Actor Thread 231] INFO  nextflow.processor.TaskProcessor - [04/61d126] Cached process > WES:somaticSeq_run (10)
Aug-31 11:22:28.033 [Actor Thread 127] INFO  nextflow.processor.TaskProcessor - [1d/beee2f] Cached process > WES:cava (11)
Aug-31 11:22:28.033 [Actor Thread 42] INFO  nextflow.processor.TaskProcessor - [f2/8640e5] Cached process > WES:cava (2)
Aug-31 11:22:28.033 [Actor Thread 281] INFO  nextflow.processor.TaskProcessor - [7a/ef3109] Cached process > WES:cava (9)
Aug-31 11:22:28.033 [Actor Thread 243] INFO  nextflow.processor.TaskProcessor - [dd/5b98da] Cached process > WES:cava (10)
Aug-31 11:22:28.033 [Actor Thread 231] INFO  nextflow.processor.TaskProcessor - [c1/98aa36] Cached process > WES:cava (13)
Aug-31 11:22:28.034 [Actor Thread 94] INFO  nextflow.processor.TaskProcessor - [9b/b6c367] Cached process > WES:cava (8)
Aug-31 11:22:28.035 [Actor Thread 46] INFO  nextflow.processor.TaskProcessor - [67/fbb8c4] Cached process > WES:cava (6)
Aug-31 11:22:28.035 [Actor Thread 83] INFO  nextflow.processor.TaskProcessor - [d5/d2618b] Cached process > WES:cava (12)
Aug-31 11:22:28.035 [Actor Thread 271] INFO  nextflow.processor.TaskProcessor - [89/86e3bf] Cached process > WES:cava (1)
Aug-31 11:22:28.034 [Actor Thread 29] INFO  nextflow.processor.TaskProcessor - [ec/6946bf] Cached process > WES:cava (4)
Aug-31 11:22:28.035 [Actor Thread 190] INFO  nextflow.processor.TaskProcessor - [42/086951] Cached process > WES:cava (3)
Aug-31 11:22:28.033 [Actor Thread 206] INFO  nextflow.processor.TaskProcessor - [d1/ee2a09] Cached process > WES:cava (5)
Aug-31 11:22:28.033 [Actor Thread 19] INFO  nextflow.processor.TaskProcessor - [82/c29ff7] Cached process > WES:cava (7)
Aug-31 11:22:28.034 [Actor Thread 113] INFO  nextflow.processor.TaskProcessor - [0e/6a638c] Cached process > WES:cava (14)
Aug-31 11:22:28.096 [Task submitter] DEBUG nextflow.executor.LocalTaskHandler - Launch cmd line: /bin/bash -ue .command.run
Aug-31 11:22:28.100 [Task submitter] INFO  nextflow.Session - [06/35aa03] Submitted process > WES:merge_csv (1)
Aug-31 11:22:28.107 [Task submitter] DEBUG nextflow.executor.LocalTaskHandler - Launch cmd line: /bin/bash -ue .command.run
Aug-31 11:22:28.107 [Task submitter] INFO  nextflow.Session - [06/46d8fa] Submitted process > WES:merge_csv (14)
Aug-31 11:22:28.110 [Task submitter] DEBUG nextflow.executor.LocalTaskHandler - Launch cmd line: /bin/bash -ue .command.run
Aug-31 11:22:28.110 [Task submitter] INFO  nextflow.Session - [b5/a0d603] Submitted process > WES:merge_csv (13)
Aug-31 11:22:28.112 [Task submitter] DEBUG nextflow.executor.LocalTaskHandler - Launch cmd line: /bin/bash -ue .command.run
Aug-31 11:22:28.113 [Task submitter] INFO  nextflow.Session - [6c/8e8e72] Submitted process > WES:merge_csv (10)
Aug-31 11:22:28.115 [Task submitter] DEBUG nextflow.executor.LocalTaskHandler - Launch cmd line: /bin/bash -ue .command.run
Aug-31 11:22:28.115 [Task submitter] INFO  nextflow.Session - [30/ba779e] Submitted process > WES:merge_csv (6)
Aug-31 11:22:28.117 [Task submitter] DEBUG nextflow.executor.LocalTaskHandler - Launch cmd line: /bin/bash -ue .command.run
Aug-31 11:22:28.118 [Task submitter] INFO  nextflow.Session - [d9/673916] Submitted process > WES:merge_csv (9)
Aug-31 11:22:28.120 [Task submitter] DEBUG nextflow.executor.LocalTaskHandler - Launch cmd line: /bin/bash -ue .command.run
Aug-31 11:22:28.120 [Task submitter] INFO  nextflow.Session - [d5/a4c490] Submitted process > WES:merge_csv (12)
Aug-31 11:22:28.122 [Task submitter] DEBUG nextflow.executor.LocalTaskHandler - Launch cmd line: /bin/bash -ue .command.run
Aug-31 11:22:28.122 [Task submitter] INFO  nextflow.Session - [41/ef27ef] Submitted process > WES:merge_csv (4)
Aug-31 11:22:28.125 [Task submitter] DEBUG nextflow.executor.LocalTaskHandler - Launch cmd line: /bin/bash -ue .command.run
Aug-31 11:22:28.125 [Task submitter] INFO  nextflow.Session - [4f/989481] Submitted process > WES:merge_csv (3)
Aug-31 11:22:28.127 [Task submitter] DEBUG nextflow.executor.LocalTaskHandler - Launch cmd line: /bin/bash -ue .command.run
Aug-31 11:22:28.128 [Task submitter] INFO  nextflow.Session - [6b/f9eb38] Submitted process > WES:merge_csv (11)
Aug-31 11:22:28.130 [Task submitter] DEBUG nextflow.executor.LocalTaskHandler - Launch cmd line: /bin/bash -ue .command.run
Aug-31 11:22:28.130 [Task submitter] INFO  nextflow.Session - [c6/7e6f56] Submitted process > WES:merge_csv (2)
Aug-31 11:22:28.132 [Task submitter] DEBUG nextflow.executor.LocalTaskHandler - Launch cmd line: /bin/bash -ue .command.run
Aug-31 11:22:28.133 [Task submitter] INFO  nextflow.Session - [ee/e00a27] Submitted process > WES:merge_csv (5)
Aug-31 11:22:28.135 [Task submitter] DEBUG nextflow.executor.LocalTaskHandler - Launch cmd line: /bin/bash -ue .command.run
Aug-31 11:22:28.135 [Task submitter] INFO  nextflow.Session - [04/61ea69] Submitted process > WES:merge_csv (8)
Aug-31 11:22:28.137 [Task submitter] DEBUG nextflow.executor.LocalTaskHandler - Launch cmd line: /bin/bash -ue .command.run
Aug-31 11:22:28.138 [Task submitter] INFO  nextflow.Session - [c6/1d304b] Submitted process > WES:merge_csv (7)
Aug-31 11:22:30.276 [Task monitor] DEBUG n.processor.TaskPollingMonitor - Task completed > TaskHandler[id: 299; name: WES:merge_csv (5); status: COMPLETED; exit: 0; error: -; workDir: /home/diagnostics/pipelines/WholeExomePipeline/work/ee/e00a27df685ab7a44d24eb6c855938]
Aug-31 11:22:30.303 [Task monitor] DEBUG n.processor.TaskPollingMonitor - Task completed > TaskHandler[id: 295; name: WES:merge_csv (1); status: COMPLETED; exit: 0; error: -; workDir: /home/diagnostics/pipelines/WholeExomePipeline/work/06/35aa031ccd55bc260baa02cbb7b3dd]
Aug-31 11:22:30.311 [Task monitor] DEBUG n.processor.TaskPollingMonitor - Task completed > TaskHandler[id: 300; name: WES:merge_csv (6); status: COMPLETED; exit: 0; error: -; workDir: /home/diagnostics/pipelines/WholeExomePipeline/work/30/ba779e6598289371ad2249048a5563]
Aug-31 11:22:30.325 [Task monitor] DEBUG n.processor.TaskPollingMonitor - Task completed > TaskHandler[id: 306; name: WES:merge_csv (12); status: COMPLETED; exit: 0; error: -; workDir: /home/diagnostics/pipelines/WholeExomePipeline/work/d5/a4c4906d14bfb2a3fe7795d17b1e73]
Aug-31 11:22:30.328 [Task monitor] DEBUG n.processor.TaskPollingMonitor - Task completed > TaskHandler[id: 296; name: WES:merge_csv (2); status: COMPLETED; exit: 0; error: -; workDir: /home/diagnostics/pipelines/WholeExomePipeline/work/c6/7e6f5602484cec8d5b74680dd0d8a4]
Aug-31 11:22:30.425 [Task monitor] DEBUG n.processor.TaskPollingMonitor - Task completed > TaskHandler[id: 297; name: WES:merge_csv (3); status: COMPLETED; exit: 0; error: -; workDir: /home/diagnostics/pipelines/WholeExomePipeline/work/4f/98948147137d364d8e1ae10cca34fd]
Aug-31 11:22:30.442 [Task monitor] DEBUG n.processor.TaskPollingMonitor - Task completed > TaskHandler[id: 307; name: WES:merge_csv (13); status: COMPLETED; exit: 0; error: -; workDir: /home/diagnostics/pipelines/WholeExomePipeline/work/b5/a0d603ee92893e949e2b5bca704a0a]
Aug-31 11:22:30.448 [Task monitor] DEBUG n.processor.TaskPollingMonitor - Task completed > TaskHandler[id: 304; name: WES:merge_csv (10); status: COMPLETED; exit: 0; error: -; workDir: /home/diagnostics/pipelines/WholeExomePipeline/work/6c/8e8e720bc3aea8db90e538a5c61fce]
Aug-31 11:22:30.450 [Task monitor] DEBUG n.processor.TaskPollingMonitor - Task completed > TaskHandler[id: 301; name: WES:merge_csv (7); status: COMPLETED; exit: 0; error: -; workDir: /home/diagnostics/pipelines/WholeExomePipeline/work/c6/1d304bfc10c90ec2eab51997b4247f]
Aug-31 11:22:30.476 [Task monitor] DEBUG n.processor.TaskPollingMonitor - Task completed > TaskHandler[id: 308; name: WES:merge_csv (14); status: COMPLETED; exit: 0; error: -; workDir: /home/diagnostics/pipelines/WholeExomePipeline/work/06/46d8faf1d90c021ddbe153b7022fe9]
Aug-31 11:22:30.480 [Task monitor] DEBUG n.processor.TaskPollingMonitor - Task completed > TaskHandler[id: 298; name: WES:merge_csv (4); status: COMPLETED; exit: 0; error: -; workDir: /home/diagnostics/pipelines/WholeExomePipeline/work/41/ef27ef7be83e15e7577e09fb32982d]
Aug-31 11:22:30.482 [Task monitor] DEBUG n.processor.TaskPollingMonitor - Task completed > TaskHandler[id: 302; name: WES:merge_csv (8); status: COMPLETED; exit: 0; error: -; workDir: /home/diagnostics/pipelines/WholeExomePipeline/work/04/61ea69406080af20051e3b46f56a3d]
Aug-31 11:22:30.511 [Task monitor] DEBUG n.processor.TaskPollingMonitor - Task completed > TaskHandler[id: 303; name: WES:merge_csv (9); status: COMPLETED; exit: 0; error: -; workDir: /home/diagnostics/pipelines/WholeExomePipeline/work/d9/6739165a02029110b7187a27543370]
Aug-31 11:22:30.571 [Task monitor] DEBUG n.processor.TaskPollingMonitor - Task completed > TaskHandler[id: 305; name: WES:merge_csv (11); status: COMPLETED; exit: 0; error: -; workDir: /home/diagnostics/pipelines/WholeExomePipeline/work/6b/f9eb38cf02bab205690fc388329a4c]
Aug-31 11:22:30.573 [main] DEBUG nextflow.Session - Session await > all process finished
Aug-31 11:22:30.573 [main] DEBUG nextflow.Session - Session await > all barriers passed
Aug-31 11:22:30.597 [main] DEBUG nextflow.trace.WorkflowStatsObserver - Workflow completed > WorkflowStats[succeededCount=14; failedCount=0; ignoredCount=0; cachedCount=294; pendingCount=0; submittedCount=0; runningCount=0; retriesCount=0; abortedCount=0; succeedDuration=31.3s; failedDuration=0ms; cachedDuration=2d 6h 39m 31s;loadCpus=0; loadMemory=0; peakRunning=14; peakCpus=14; peakMemory=0; ]
Aug-31 11:22:30.597 [main] DEBUG nextflow.trace.TraceFileObserver - Flow completing -- flushing trace file
Aug-31 11:22:30.608 [main] DEBUG nextflow.CacheDB - Closing CacheDB done
Aug-31 11:22:30.619 [main] DEBUG nextflow.script.ScriptRunner - > Execution complete -- Goodbye
