N E X T F L O W  ~  version 21.10.6
Launching `./wes.nf` [elegant_bhabha] - revision: c5b3ee2f60

STARTING PIPELINE
=*=*=*=*=*=*=*=*=
Sample list: /home/diagnostics/pipelines/WholeExomePipeline/sample_list.csv
BED file: /home/pipelines/mutation_detector_nextflow/bedfile/Leukemia_Panel_Myeloid_2023_Feb_hg37_sortd.bed
Sequences in:/home/diagnostics/pipelines/WholeExomePipeline/sequences

WARN: Nextflow version 21.10.6 does not match workflow required version: 20.10.0 -- Execution will continue, but things may break!
[ff/4f6ffa] Cached process > WES:trimming_trimmomatic (1)
[55/4fc470] Cached process > WES:pair_assembly_pear (1)
[bd/26c51c] Cached process > WES:mapping_reads (1)
[fa/95498c] Cached process > WES:sam_conversion (1)
[fe/c5e83b] Cached process > WES:mark_duplicates (1)
[67/ba7393] Cached process > WES:RealignerTargetCreator (1)
[84/e01d45] Cached process > WES:IndelRealigner (1)
[fc/c8131a] Cached process > WES:BaseRecalibrator (1)
[8c/9bccc6] Cached process > WES:PrintReads (1)
[57/182123] Cached process > WES:generatefinalbam (1)
[0e/d3dfcc] Cached process > WES:coverage_mosdepth (1)
[9c/d8b31d] Submitted process > WES:platypus (1)
[e3/06a030] Submitted process > WES:strelka (1)
[7c/e366ae] Submitted process > WES:freebayes (1)
[8a/96098d] Submitted process > WES:lofreq (1)
[9d/b5e85f] Submitted process > WES:pindel (1)
[69/3191e0] Submitted process > WES:varscan (1)
[7a/af314e] Submitted process > WES:haplotypecaller (1)
[3f/383bd5] Submitted process > WES:somaticSeq_run (1)
