N E X T F L O W  ~  version 21.10.6
Launching `./wes.nf` [scruffy_northcutt] - revision: 42b5734271

STARTING PIPELINE
=*=*=*=*=*=*=*=*=
Sample list: /home/diagnostics/pipelines/WholeExomePipeline/sample_list.csv
BED file: /home/pipelines/mutation_detector_nextflow/bedfile/Leukemia_Panel_Myeloid_2023_Feb_hg37_sortd.bed
Sequences in:/home/diagnostics/pipelines/WholeExomePipeline/sequences

[e6/45010a] Cached process > WES:trimming_trimmomatic (9)
[b7/964e58] Cached process > WES:trimming_trimmomatic (1)
[f9/e954a1] Cached process > WES:trimming_trimmomatic (4)
[b2/547503] Cached process > WES:trimming_trimmomatic (2)
[44/d5489b] Cached process > WES:trimming_trimmomatic (5)
[0f/990cd5] Cached process > WES:trimming_trimmomatic (14)
[5b/161010] Cached process > WES:trimming_trimmomatic (13)
[ef/74a642] Cached process > WES:trimming_trimmomatic (12)
[38/1a0c25] Cached process > WES:trimming_trimmomatic (3)
[d3/a24e0f] Cached process > WES:trimming_trimmomatic (7)
[aa/5fdc7b] Cached process > WES:trimming_trimmomatic (11)
[56/899654] Cached process > WES:trimming_trimmomatic (10)
[90/01b016] Cached process > WES:trimming_trimmomatic (8)
[29/eb9285] Cached process > WES:trimming_trimmomatic (6)
[7c/aa0704] Cached process > WES:pair_assembly_pear (3)
[28/b55b89] Cached process > WES:pair_assembly_pear (5)
[55/c44ac6] Cached process > WES:pair_assembly_pear (9)
[0f/96cd40] Cached process > WES:pair_assembly_pear (13)
[ae/e9255b] Cached process > WES:pair_assembly_pear (14)
[c2/f84be9] Cached process > WES:pair_assembly_pear (1)
[a1/211f54] Cached process > WES:pair_assembly_pear (10)
[38/faa586] Cached process > WES:pair_assembly_pear (12)
[82/88dad5] Cached process > WES:pair_assembly_pear (6)
[0b/ad2b6a] Cached process > WES:pair_assembly_pear (8)
[e5/9c1b12] Cached process > WES:pair_assembly_pear (11)
[08/7e90f0] Cached process > WES:pair_assembly_pear (2)
[5d/5d4175] Cached process > WES:pair_assembly_pear (4)
[7e/0a2f2b] Cached process > WES:pair_assembly_pear (7)
[b4/6d16c8] Cached process > WES:mapping_reads (1)
[18/d98563] Cached process > WES:mapping_reads (8)
[65/c6cd7a] Cached process > WES:mapping_reads (2)
[7a/352732] Cached process > WES:mapping_reads (5)
[78/113058] Cached process > WES:mapping_reads (3)
[3e/c68a66] Cached process > WES:mapping_reads (4)
[ff/3c704c] Cached process > WES:mapping_reads (10)
[e6/37e8e3] Cached process > WES:mapping_reads (6)
[4b/84465f] Cached process > WES:mapping_reads (7)
[b4/fe70ce] Cached process > WES:mapping_reads (9)
[5e/616580] Cached process > WES:mapping_reads (11)
[f6/0a991d] Cached process > WES:mapping_reads (12)
[d3/b90c50] Cached process > WES:mapping_reads (14)
[e2/d97e3b] Cached process > WES:mapping_reads (13)
[2b/85d0da] Cached process > WES:sam_conversion (2)
[82/6b83e0] Cached process > WES:sam_conversion (4)
[19/db4dbd] Cached process > WES:sam_conversion (7)
[38/19a0d1] Cached process > WES:sam_conversion (5)
[5f/1fe3c2] Cached process > WES:sam_conversion (13)
[34/501d24] Cached process > WES:sam_conversion (12)
[ed/9ff7f9] Cached process > WES:sam_conversion (10)
[16/8061ef] Cached process > WES:sam_conversion (1)
[91/b1f5ef] Cached process > WES:sam_conversion (6)
[c2/2b8139] Cached process > WES:sam_conversion (3)
[8e/57157f] Cached process > WES:sam_conversion (14)
[61/7a8e66] Cached process > WES:sam_conversion (9)
[71/585de5] Cached process > WES:sam_conversion (11)
[61/28d1c9] Cached process > WES:sam_conversion (8)
[3f/b22b5e] Cached process > WES:mark_duplicates (4)
[ca/c1d152] Cached process > WES:mark_duplicates (3)
[d4/9ba0e3] Cached process > WES:mark_duplicates (8)
[d1/2f02df] Cached process > WES:mark_duplicates (13)
[46/46e056] Cached process > WES:mark_duplicates (5)
[5b/ac07f7] Cached process > WES:mark_duplicates (12)
[b1/f272e6] Cached process > WES:mark_duplicates (6)
[89/3eddaf] Cached process > WES:mark_duplicates (9)
[d6/74f230] Cached process > WES:mark_duplicates (11)
[b4/618087] Cached process > WES:mark_duplicates (10)
[7a/82bf02] Cached process > WES:mark_duplicates (1)
[e5/ff7fc5] Cached process > WES:mark_duplicates (14)
[01/3b6f9d] Cached process > WES:mark_duplicates (7)
[01/47c34f] Cached process > WES:mark_duplicates (2)
[31/5690cf] Cached process > WES:RealignerTargetCreator (5)
[d6/4dfd78] Cached process > WES:RealignerTargetCreator (9)
[d8/5e6350] Cached process > WES:RealignerTargetCreator (3)
[21/be6bd2] Cached process > WES:RealignerTargetCreator (13)
[44/d581c9] Cached process > WES:RealignerTargetCreator (14)
[7c/e4a10b] Cached process > WES:RealignerTargetCreator (8)
[9d/56a070] Cached process > WES:RealignerTargetCreator (1)
[ab/a5369d] Cached process > WES:RealignerTargetCreator (6)
[68/aebc68] Cached process > WES:RealignerTargetCreator (10)
[a2/d87d18] Cached process > WES:RealignerTargetCreator (7)
[4c/2f35ef] Cached process > WES:RealignerTargetCreator (11)
[08/b58dd5] Cached process > WES:RealignerTargetCreator (12)
[4e/60b60d] Cached process > WES:RealignerTargetCreator (4)
[6d/748c28] Cached process > WES:RealignerTargetCreator (2)
[ed/95805b] Cached process > WES:IndelRealigner (11)
[11/9480a2] Cached process > WES:IndelRealigner (4)
[31/ba1b2e] Cached process > WES:IndelRealigner (3)
[e0/63d0ae] Cached process > WES:IndelRealigner (7)
[7b/1a277f] Cached process > WES:IndelRealigner (9)
[35/d2bb5a] Cached process > WES:IndelRealigner (5)
[e1/e91e3c] Cached process > WES:IndelRealigner (13)
[21/9880da] Cached process > WES:IndelRealigner (10)
[27/ce3381] Cached process > WES:IndelRealigner (1)
[15/7c9a70] Cached process > WES:IndelRealigner (6)
[5d/65be95] Cached process > WES:IndelRealigner (12)
[f3/e653e3] Cached process > WES:IndelRealigner (14)
[8c/0822d0] Cached process > WES:IndelRealigner (8)
[5a/b88044] Cached process > WES:IndelRealigner (2)
[d5/d9f9a1] Cached process > WES:BaseRecalibrator (6)
[c2/b6911e] Cached process > WES:BaseRecalibrator (7)
[bf/ba6e67] Cached process > WES:BaseRecalibrator (8)
[8a/06712a] Cached process > WES:BaseRecalibrator (9)
[e8/f96ace] Cached process > WES:BaseRecalibrator (11)
[e5/f19952] Cached process > WES:BaseRecalibrator (1)
[81/5cd0ae] Cached process > WES:BaseRecalibrator (10)
[57/c49eeb] Cached process > WES:BaseRecalibrator (4)
[e2/198b19] Cached process > WES:BaseRecalibrator (5)
[05/bac4c7] Cached process > WES:BaseRecalibrator (2)
[ff/cbe6ba] Cached process > WES:BaseRecalibrator (14)
[1a/3fa834] Cached process > WES:BaseRecalibrator (12)
[4e/4e107c] Cached process > WES:BaseRecalibrator (3)
[06/52a667] Cached process > WES:BaseRecalibrator (13)
[8d/25b447] Cached process > WES:PrintReads (11)
[41/395091] Cached process > WES:PrintReads (2)
[5f/ab8d01] Cached process > WES:PrintReads (3)
[1e/c26ed6] Cached process > WES:PrintReads (12)
[83/237732] Cached process > WES:PrintReads (7)
[06/9185c8] Cached process > WES:PrintReads (5)
[27/985ba3] Cached process > WES:PrintReads (13)
[65/0efcbc] Cached process > WES:PrintReads (14)
[09/d26a50] Cached process > WES:PrintReads (4)
[60/f71254] Cached process > WES:PrintReads (8)
[7f/1a22bc] Cached process > WES:PrintReads (9)
[2c/912b74] Cached process > WES:PrintReads (10)
[f4/9b95ab] Cached process > WES:PrintReads (6)
[44/daaef7] Cached process > WES:PrintReads (1)
[29/8d8bb0] Cached process > WES:generatefinalbam (11)
[ed/6797ed] Cached process > WES:generatefinalbam (4)
[d2/f4f9cb] Cached process > WES:generatefinalbam (14)
[d5/791589] Cached process > WES:generatefinalbam (1)
[07/e8959a] Cached process > WES:generatefinalbam (3)
[5c/07aa7a] Cached process > WES:generatefinalbam (6)
[f0/48ef76] Cached process > WES:generatefinalbam (8)
[ff/011245] Cached process > WES:generatefinalbam (12)
[25/c9f401] Cached process > WES:generatefinalbam (7)
[83/45810c] Cached process > WES:generatefinalbam (2)
[ed/cce3fb] Cached process > WES:generatefinalbam (5)
[1c/75e5ff] Cached process > WES:generatefinalbam (13)
[ad/c00670] Cached process > WES:generatefinalbam (10)
[cd/94a5fc] Cached process > WES:generatefinalbam (9)
[11/9258b4] Cached process > WES:strelka (6)
[19/c132e4] Cached process > WES:strelka (11)
[37/759358] Cached process > WES:strelka (3)
[9a/defc4e] Cached process > WES:strelka (1)
[9f/7f3350] Cached process > WES:strelka (8)
[05/6ffcd2] Cached process > WES:strelka (2)
[4e/f9d145] Cached process > WES:strelka (4)
[4f/2c717a] Cached process > WES:strelka (9)
[e6/3166da] Cached process > WES:strelka (10)
[75/64c078] Cached process > WES:strelka (7)
[5b/0652b2] Cached process > WES:strelka (13)
[39/3f3f93] Cached process > WES:strelka (5)
[4f/d1c3e5] Cached process > WES:strelka (12)
[a7/b56164] Cached process > WES:strelka (14)
[93/f5ea9d] Cached process > WES:platypus (1)
[79/f07de1] Cached process > WES:platypus (5)
[eb/5971f5] Cached process > WES:platypus (9)
[d3/80ad80] Cached process > WES:platypus (2)
[df/b8cefc] Cached process > WES:platypus (7)
[74/46e269] Cached process > WES:platypus (4)
[f4/825155] Cached process > WES:platypus (14)
[99/e4e1fd] Cached process > WES:platypus (8)
[61/6760dd] Cached process > WES:platypus (13)
[7a/9e2eda] Cached process > WES:platypus (11)
[d4/15d1ac] Cached process > WES:platypus (6)
[6e/3c881c] Cached process > WES:platypus (3)
[65/d43ade] Cached process > WES:platypus (10)
[bf/18a8ce] Cached process > WES:freebayes (4)
[47/44e266] Cached process > WES:freebayes (2)
[47/a716c2] Cached process > WES:freebayes (8)
[bf/78e844] Cached process > WES:freebayes (3)
[c4/51a465] Cached process > WES:platypus (12)
[aa/146150] Cached process > WES:freebayes (5)
[3b/ff3cbb] Cached process > WES:freebayes (7)
[0b/c47468] Cached process > WES:freebayes (6)
[f7/0fcb94] Cached process > WES:freebayes (10)
[ab/528935] Cached process > WES:freebayes (9)
[5e/076235] Cached process > WES:freebayes (11)
[7b/00958b] Cached process > WES:freebayes (1)
[a5/4ec495] Cached process > WES:freebayes (12)
[92/ce82a1] Cached process > WES:freebayes (13)
[a9/335f0d] Cached process > WES:freebayes (14)
[22/d488fe] Cached process > WES:coverage_mosdepth (8)
[96/cb5589] Cached process > WES:coverage_mosdepth (4)
[ce/ae2690] Cached process > WES:coverage_mosdepth (10)
[2c/921f9e] Cached process > WES:coverage_mosdepth (3)
[91/ffa4e4] Cached process > WES:coverage_mosdepth (7)
[72/a00353] Cached process > WES:coverage_mosdepth (5)
[84/dde674] Cached process > WES:coverage_mosdepth (2)
[50/738666] Cached process > WES:coverage_mosdepth (6)
[48/531c2c] Cached process > WES:coverage_mosdepth (12)
[d5/2ed3fd] Cached process > WES:coverage_mosdepth (14)
[0e/78cd37] Cached process > WES:coverage_mosdepth (11)
[5a/cdce50] Cached process > WES:coverage_mosdepth (9)
[8e/80d3ba] Cached process > WES:coverage_mosdepth (13)
[ba/90f09d] Cached process > WES:minimap_getitd (4)
[3c/4cf3f7] Cached process > WES:minimap_getitd (5)
[db/c464ae] Cached process > WES:minimap_getitd (3)
[ca/826db0] Cached process > WES:minimap_getitd (13)
[1e/537651] Cached process > WES:minimap_getitd (2)
[8a/686528] Cached process > WES:minimap_getitd (9)
[46/272e27] Cached process > WES:coverage_mosdepth (1)
[cf/650b7c] Cached process > WES:minimap_getitd (12)
[3d/58cc7f] Cached process > WES:minimap_getitd (1)
[d2/2550d2] Cached process > WES:minimap_getitd (8)
[45/9da0a7] Cached process > WES:minimap_getitd (10)
[2a/f93613] Cached process > WES:minimap_getitd (6)
[a7/1ab498] Cached process > WES:minimap_getitd (7)
[ef/7532f9] Cached process > WES:minimap_getitd (14)
[42/7794f6] Cached process > WES:minimap_getitd (11)
[1e/12976a] Cached process > WES:lofreq (2)
[89/494a48] Cached process > WES:lofreq (7)
[de/2a8384] Cached process > WES:lofreq (4)
[7e/887500] Cached process > WES:lofreq (1)
[da/3ad2c4] Cached process > WES:lofreq (6)
[43/99a9e9] Cached process > WES:lofreq (5)
[42/98f06d] Cached process > WES:lofreq (8)
[ce/616915] Cached process > WES:lofreq (3)
[f6/880fd7] Cached process > WES:lofreq (9)
[44/1962c8] Cached process > WES:lofreq (10)
[90/259878] Cached process > WES:lofreq (11)
[e7/7ca645] Cached process > WES:lofreq (14)
[85/5c44be] Cached process > WES:lofreq (12)
[70/f19392] Cached process > WES:lofreq (13)
[d8/2d40d1] Cached process > WES:varscan (7)
[6b/eb8e60] Cached process > WES:varscan (10)
[aa/f100f5] Cached process > WES:varscan (13)
[fe/621e9f] Cached process > WES:varscan (14)
[5e/294a2b] Cached process > WES:varscan (9)
[88/96f206] Cached process > WES:varscan (8)
[88/f970e6] Cached process > WES:varscan (1)
[ad/1bfdc6] Cached process > WES:varscan (6)
[db/bbdf9f] Cached process > WES:varscan (4)
[1c/ac1f76] Cached process > WES:varscan (2)
[24/130c1f] Cached process > WES:varscan (3)
[f9/e390ab] Cached process > WES:haplotypecaller (8)
[c4/67a6f3] Cached process > WES:haplotypecaller (10)
[a4/e518ac] Cached process > WES:varscan (12)
[a1/911d7b] Cached process > WES:haplotypecaller (9)
[eb/90ae0e] Cached process > WES:haplotypecaller (1)
[3d/367fde] Cached process > WES:haplotypecaller (4)
[c1/edabdb] Cached process > WES:haplotypecaller (7)
[13/b1999b] Cached process > WES:varscan (11)
[f9/e4c6ef] Cached process > WES:haplotypecaller (3)
[ca/a223b5] Cached process > WES:haplotypecaller (12)
[01/4951e1] Cached process > WES:varscan (5)
[1d/a3a1c2] Cached process > WES:haplotypecaller (6)
[fa/fe31cf] Cached process > WES:haplotypecaller (11)
[9f/d52774] Cached process > WES:haplotypecaller (14)
[c8/a965b6] Cached process > WES:haplotypecaller (5)
[5f/51a8d8] Cached process > WES:haplotypecaller (2)
[79/dba04e] Cached process > WES:haplotypecaller (13)
[ba/3e20c4] Cached process > WES:pindel (6)
[5d/bd38d8] Cached process > WES:pindel (3)
[23/94b11c] Cached process > WES:pindel (1)
[64/df9a11] Cached process > WES:pindel (4)
[e9/cbffe7] Cached process > WES:pindel (5)
[06/52db28] Cached process > WES:pindel (10)
[7e/19b1d1] Cached process > WES:pindel (9)
[ca/b3d249] Cached process > WES:pindel (13)
[fd/852360] Cached process > WES:pindel (7)
[52/99daa3] Cached process > WES:pindel (14)
[8e/9ffd95] Cached process > WES:pindel (8)
[67/14d29a] Cached process > WES:pindel (2)
[72/3b5ae7] Cached process > WES:pindel (12)
[c0/45847d] Cached process > WES:pindel (11)
[9e/ed0abe] Cached process > WES:somaticSeq_run (8)
[71/5bf8b5] Cached process > WES:somaticSeq_run (4)
[45/6cb2f6] Cached process > WES:somaticSeq_run (5)
[93/545462] Cached process > WES:somaticSeq_run (6)
[98/895e5f] Cached process > WES:somaticSeq_run (13)
[b7/8c11ff] Cached process > WES:somaticSeq_run (1)
[55/9e404b] Cached process > WES:somaticSeq_run (3)
[95/2f3c1d] Cached process > WES:somaticSeq_run (7)
[29/2bf044] Cached process > WES:somaticSeq_run (14)
[0c/751238] Cached process > WES:somaticSeq_run (2)
[1a/b65a20] Cached process > WES:somaticSeq_run (12)
[19/ca2a05] Cached process > WES:somaticSeq_run (9)
[68/653b76] Cached process > WES:somaticSeq_run (11)
[04/61d126] Cached process > WES:somaticSeq_run (10)
[1d/beee2f] Cached process > WES:cava (11)
[f2/8640e5] Cached process > WES:cava (2)
[7a/ef3109] Cached process > WES:cava (9)
[dd/5b98da] Cached process > WES:cava (10)
[9b/b6c367] Cached process > WES:cava (8)
[c1/98aa36] Cached process > WES:cava (13)
[67/fbb8c4] Cached process > WES:cava (6)
[d5/d2618b] Cached process > WES:cava (12)
[89/86e3bf] Cached process > WES:cava (1)
[ec/6946bf] Cached process > WES:cava (4)
[42/086951] Cached process > WES:cava (3)
[d1/ee2a09] Cached process > WES:cava (5)
[82/c29ff7] Cached process > WES:cava (7)
[0e/6a638c] Cached process > WES:cava (14)
[06/35aa03] Submitted process > WES:merge_csv (1)
[06/46d8fa] Submitted process > WES:merge_csv (14)
[b5/a0d603] Submitted process > WES:merge_csv (13)
[6c/8e8e72] Submitted process > WES:merge_csv (10)
[30/ba779e] Submitted process > WES:merge_csv (6)
[d9/673916] Submitted process > WES:merge_csv (9)
[d5/a4c490] Submitted process > WES:merge_csv (12)
[41/ef27ef] Submitted process > WES:merge_csv (4)
[4f/989481] Submitted process > WES:merge_csv (3)
[6b/f9eb38] Submitted process > WES:merge_csv (11)
[c6/7e6f56] Submitted process > WES:merge_csv (2)
[ee/e00a27] Submitted process > WES:merge_csv (5)
[04/61ea69] Submitted process > WES:merge_csv (8)
[c6/1d304b] Submitted process > WES:merge_csv (7)
