N E X T F L O W  ~  version 21.10.6
Launching `./wes.nf` [nostalgic_ride] - revision: d9a9bdd90d

STARTING PIPELINE
=*=*=*=*=*=*=*=*=
Sample list: /home/diagnostics/pipelines/WholeExomePipeline/sample_list.csv
BED file: /home/pipelines/mutation_detector_nextflow/bedfile/Leukemia_Panel_Myeloid_2023_Feb_hg37_sortd.bed
Sequences in:/home/diagnostics/pipelines/WholeExomePipeline/sequences

[4a/19269c] Cached process > WES:trimming_trimmomatic (1)
[f5/cea357] Cached process > WES:pair_assembly_pear (1)
[b2/25b7e7] Cached process > WES:mapping_reads (1)
[34/f39523] Cached process > WES:sam_conversion (1)
[34/1a403f] Cached process > WES:mark_duplicates (1)
[e5/a7a462] Cached process > WES:RealignerTargetCreator (1)
[3e/eebf87] Cached process > WES:IndelRealigner (1)
[38/20c709] Cached process > WES:BaseRecalibrator (1)
[70/5643d6] Cached process > WES:PrintReads (1)
[d7/d6682b] Cached process > WES:generatefinalbam (1)
[89/d9f987] Cached process > WES:platypus (1)
[f2/88b8a6] Cached process > WES:strelka (1)
[80/004416] Cached process > WES:freebayes (1)
[8d/b5dcc9] Cached process > WES:minimap_getitd (1)
[53/847cf6] Cached process > WES:coverage_mosdepth (1)
[26/abd89e] Cached process > WES:lofreq (1)
[2d/555a07] Cached process > WES:varscan (1)
[29/582936] Cached process > WES:haplotypecaller (1)
[e7/bdb648] Cached process > WES:pindel (1)
[cc/6692a4] Cached process > WES:somaticSeq_run (1)
[58/30057b] Cached process > WES:cava (1)
[59/f23031] Cached process > WES:merge_csv (1)
